(0000) 3000  0011000000000000 (   1)                 .ORIG x3000
(3000) 240B  0010010000001011 (   2)                 LD    R2 ARRAY
(3001) 5260  0101001001100000 (   3)                 AND   R1 R1 #0
(3002) 56E0  0101011011100000 (   4)                 AND   R3 R3 #0
(3003) 126A  0001001001101010 (   5)                 ADD   R1 R1 #10
(3004) 127F  0001001001111111 (   6)                 ADD   R1 R1 #-1
(3005) 0804  0000100000000100 (   7)                 BRN   x300A
(3006) 6080  0110000010000000 (   8)                 LDR   R0 R2 #0
(3007) 16C0  0001011011000000 (   9)                 ADD   R3 R3 R0
(3008) 14A1  0001010010100001 (  10)                 ADD   R2 R2 #1
(3009) 0E06  0000111000000110 (  11)                 BRNZP x3010
(300A) 360B  0011011000001011 (  12)                 ST    R3 RES
(300B) F025  1111000000100101 (  13)                 TRAP  x25
(300C) 6000  0110000000000000 (  14) ARRAY           .FILL x6000
(300D) FFEC  1111111111101100 (  15)                 .FILL xFFEC
(300E) 0007  0000000000000111 (  16)                 .FILL x0007
(300F) 0000  0000000000000000 (  17)                 .FILL x0000
(3010) FFFD  1111111111111101 (  18)                 .FILL xFFFD
(3011) 000B  0000000000001011 (  19)                 .FILL x000B
(3012) 0009  0000000000001001 (  20)                 .FILL x0009
(3013) FFF7  1111111111110111 (  21)                 .FILL xFFF7
(3014) 0002  0000000000000010 (  22)                 .FILL x0002
(3015) FFFB  1111111111111011 (  23)                 .FILL xFFFB
(3016) 0000  0000000000000000 (  25) RES             .FILL x0000
